Eval accuracy:  27598.0   40000.0
Eval accuracy:  29195.0   40000.0
Eval accuracy:  30289.0   40000.0
Eval accuracy:  30290.0   40000.0
Eval accuracy:  31500.0   40000.0
Eval accuracy:  31840.0   40000.0
Eval accuracy:  32112.0   40000.0
Eval accuracy:  32112.0   40000.0
Eval accuracy:  32263.0   40000.0
Eval accuracy:  32462.0   40000.0
Eval accuracy:  32596.0   40000.0
Eval accuracy:  32772.0   40000.0
Eval accuracy:  32836.0   40000.0
Eval accuracy:  32890.0   40000.0
Eval accuracy:  32890.0   40000.0
Eval accuracy:  32927.0   40000.0
Eval accuracy:  32965.0   40000.0
Eval accuracy:  32968.0   40000.0
Eval accuracy:  32968.0   40000.0
Eval accuracy:  32988.0   40000.0
Eval accuracy:  32988.0   40000.0
Eval accuracy:  32988.0   40000.0
Eval accuracy:  32988.0   40000.0
Eval accuracy:  32988.0   40000.0
Eval accuracy:  33001.0   40000.0
Eval accuracy:  33001.0   40000.0
Eval accuracy:  33001.0   40000.0
Eval accuracy:  33001.0   40000.0
Eval accuracy:  33001.0   40000.0
Eval accuracy:  33001.0   40000.0




Eval accuracy:  23338.0   40000.0
Eval accuracy:  27018.0   40000.0
Eval accuracy:  28905.0   40000.0
Eval accuracy:  29860.0   40000.0
Eval accuracy:  30490.0   40000.0
Eval accuracy:  30806.0   40000.0
Eval accuracy:  31174.0   40000.0
Eval accuracy:  31335.0   40000.0
Eval accuracy:  31335.0   40000.0
Eval accuracy:  31458.0   40000.0
Eval accuracy:  31458.0   40000.0
Eval accuracy:  31706.0   40000.0
Eval accuracy:  31710.0   40000.0
Eval accuracy:  31824.0   40000.0
Eval accuracy:  31824.0   40000.0
Eval accuracy:  31824.0   40000.0
Eval accuracy:  31877.0   40000.0
Eval accuracy:  31893.0   40000.0
Eval accuracy:  31893.0   40000.0
Eval accuracy:  31893.0   40000.0
Eval accuracy:  31893.0   40000.0
Eval accuracy:  31898.0   40000.0
Eval accuracy:  31917.0   40000.0
Eval accuracy:  31917.0   40000.0
Eval accuracy:  31917.0   40000.0
Eval accuracy:  31924.0   40000.0
Eval accuracy:  31930.0   40000.0
Eval accuracy:  31930.0   40000.0
Eval accuracy:  31930.0   40000.0
Eval accuracy:  31930.0   40000.0